[debug] [2022-01-22T05:20:02.033Z] ----------------------------------------------------------------------
[debug] [2022-01-22T05:20:02.036Z] Command:       /usr/bin/node /usr/bin/firebase emulators:start
[debug] [2022-01-22T05:20:02.037Z] CLI Version:   10.1.2
[debug] [2022-01-22T05:20:02.037Z] Platform:      linux
[debug] [2022-01-22T05:20:02.037Z] Node Version:  v14.18.3
[debug] [2022-01-22T05:20:02.038Z] Time:          Sat Jan 22 2022 10:50:02 GMT+0530 (India Standard Time)
[debug] [2022-01-22T05:20:02.038Z] ----------------------------------------------------------------------
[debug] 
[debug] [2022-01-22T05:20:02.136Z] > command requires scopes: ["email","openid","https://www.googleapis.com/auth/cloudplatformprojects.readonly","https://www.googleapis.com/auth/firebase","https://www.googleapis.com/auth/cloud-platform"]
[debug] [2022-01-22T05:20:02.136Z] > authorizing via signed-in user (itsanshugoyal@gmail.com)
[info] i  emulators: Starting emulators: functions, hosting {"metadata":{"emulator":{"name":"hub"},"message":"Starting emulators: functions, hosting"}}
[debug] [2022-01-22T05:20:02.177Z] [hub] writing locator at /tmp/hub-challenge-cd494.json
[warn] ⚠  functions: The following emulators are not running, calls to these services from the Functions emulator will affect production: auth, firestore, database, pubsub, storage {"metadata":{"emulator":{"name":"functions"},"message":"The following emulators are not running, calls to these services from the Functions emulator will affect production: \u001b[1mauth, firestore, database, pubsub, storage\u001b[22m"}}
[info] ✔  functions: Using node@14 from host. {"metadata":{"emulator":{"name":"functions"},"message":"Using node@14 from host."}}
[warn] ⚠  Your requested "node" version "14" doesn't match your global version "14" {"metadata":{"emulator":{"name":"functions"},"message":"Your requested \"node\" version \"14\" doesn't match your global version \"14\""}}
[debug] [2022-01-22T05:20:02.520Z] defaultcredentials: writing to file /home/infinity/.config/firebase/itsanshugoyal_gmail_com_application_default_credentials.json
[debug] [2022-01-22T05:20:02.526Z] Setting GAC to /home/infinity/.config/firebase/itsanshugoyal_gmail_com_application_default_credentials.json {"metadata":{"emulator":{"name":"functions"},"message":"Setting GAC to /home/infinity/.config/firebase/itsanshugoyal_gmail_com_application_default_credentials.json"}}
[debug] [2022-01-22T05:20:02.529Z] > refreshing access token with scopes: []
[debug] [2022-01-22T05:20:02.531Z] >>> HTTP REQUEST POST https://www.googleapis.com/oauth2/v3/token  
 <request body omitted>
[debug] [2022-01-22T05:20:02.963Z] <<< HTTP RESPONSE 200 {"cache-control":"no-cache, no-store, max-age=0, must-revalidate","expires":"Mon, 01 Jan 1990 00:00:00 GMT","pragma":"no-cache","date":"Sat, 22 Jan 2022 05:20:02 GMT","content-type":"application/json; charset=utf-8","vary":"X-Origin, Referer, Origin,Accept-Encoding","server":"scaffolding on HTTPServer2","x-xss-protection":"0","x-frame-options":"SAMEORIGIN","x-content-type-options":"nosniff","alt-svc":"h3=\":443\"; ma=2592000,h3-29=\":443\"; ma=2592000,h3-Q050=\":443\"; ma=2592000,h3-Q046=\":443\"; ma=2592000,h3-Q043=\":443\"; ma=2592000,quic=\":443\"; ma=2592000; v=\"46,43\"","accept-ranges":"none","transfer-encoding":"chunked"}
[debug] [2022-01-22T05:20:02.977Z] >>> [apiv2][query] GET https://firebase.googleapis.com/v1beta1/projects/challenge-cd494/adminSdkConfig [none]
[debug] [2022-01-22T05:20:04.068Z] <<< [apiv2][status] GET https://firebase.googleapis.com/v1beta1/projects/challenge-cd494/adminSdkConfig 200
[debug] [2022-01-22T05:20:04.069Z] <<< [apiv2][body] GET https://firebase.googleapis.com/v1beta1/projects/challenge-cd494/adminSdkConfig {"projectId":"challenge-cd494","storageBucket":"challenge-cd494.appspot.com"}
[debug] [2022-01-22T05:20:04.090Z] >>> [apiv2][query] GET https://firebasehosting.googleapis.com/v1beta1/projects/challenge-cd494/sites 
[debug] [2022-01-22T05:20:05.983Z] <<< [apiv2][status] GET https://firebasehosting.googleapis.com/v1beta1/projects/challenge-cd494/sites 200
[debug] [2022-01-22T05:20:05.983Z] <<< [apiv2][body] GET https://firebasehosting.googleapis.com/v1beta1/projects/challenge-cd494/sites {"sites":[{"name":"projects/817168787903/sites/challenge-cd494","defaultUrl":"https://challenge-cd494.web.app","appId":"1:817168787903:web:91d8bee67f6006a401590a","type":"DEFAULT_SITE"}]}
[debug] [2022-01-22T05:20:05.984Z] >>> [apiv2][query] GET https://firebase.googleapis.com/v1beta1/projects/challenge-cd494/webApps/1:817168787903:web:91d8bee67f6006a401590a/config [none]
[debug] [2022-01-22T05:20:07.975Z] <<< [apiv2][status] GET https://firebase.googleapis.com/v1beta1/projects/challenge-cd494/webApps/1:817168787903:web:91d8bee67f6006a401590a/config 200
[debug] [2022-01-22T05:20:07.976Z] <<< [apiv2][body] GET https://firebase.googleapis.com/v1beta1/projects/challenge-cd494/webApps/1:817168787903:web:91d8bee67f6006a401590a/config {"projectId":"challenge-cd494","appId":"1:817168787903:web:91d8bee67f6006a401590a","storageBucket":"challenge-cd494.appspot.com","apiKey":"AIzaSyC5ABeyeE4-kzfO9VeF40gRzpRpSlPlJQU","authDomain":"challenge-cd494.firebaseapp.com","messagingSenderId":"817168787903","measurementId":"G-8B5DVV4KN6"}
[info] i  hosting: Serving hosting files from: build {"metadata":{"emulator":{"name":"hosting"},"message":"Serving hosting files from: \u001b[1mbuild\u001b[22m"}}
[info] ✔  hosting: Local server: http://localhost:5000 {"metadata":{"emulator":{"name":"hosting"},"message":"Local server: \u001b[4m\u001b[1mhttp://localhost:5000\u001b[22m\u001b[24m"}}
[debug] [2022-01-22T05:20:08.016Z] Ignoring unsupported arg: auto_download {"metadata":{"emulator":{"name":"ui"},"message":"Ignoring unsupported arg: auto_download"}}
[debug] [2022-01-22T05:20:08.017Z] Ignoring unsupported arg: port {"metadata":{"emulator":{"name":"ui"},"message":"Ignoring unsupported arg: port"}}
[debug] [2022-01-22T05:20:08.017Z] Starting Emulator UI with command {"binary":"node","args":["/home/infinity/.cache/firebase/emulators/ui-v1.6.4/server.bundle.js"],"optionalArgs":[],"joinArgs":false} {"metadata":{"emulator":{"name":"ui"},"message":"Starting Emulator UI with command {\"binary\":\"node\",\"args\":[\"/home/infinity/.cache/firebase/emulators/ui-v1.6.4/server.bundle.js\"],\"optionalArgs\":[],\"joinArgs\":false}"}}
[info] i  ui: Emulator UI logging to ui-debug.log {"metadata":{"emulator":{"name":"ui"},"message":"Emulator UI logging to \u001b[1mui-debug.log\u001b[22m"}}
[debug] [2022-01-22T05:20:08.225Z] Web / API server started at localhost:4000
 {"metadata":{"emulator":{"name":"ui"},"message":"Web / API server started at localhost:4000\n"}}
[info] i  functions: Watching "/home/vs code/amazon-fullstackclone/amazon-clone1/functions" for Cloud Functions... {"metadata":{"emulator":{"name":"functions"},"message":"Watching \"/home/vs code/amazon-fullstackclone/amazon-clone1/functions\" for Cloud Functions..."}}
[debug] [2022-01-22T05:20:08.338Z] [worker-pool] addWorker(~diagnostic~) {"metadata":{"emulator":{"name":"functions"},"message":"[worker-pool] addWorker(~diagnostic~)"}}
[debug] [2022-01-22T05:20:08.339Z] [worker-pool] Adding worker with key ~diagnostic~, total=1 {"metadata":{"emulator":{"name":"functions"},"message":"[worker-pool] Adding worker with key ~diagnostic~, total=1"}}
[debug] [2022-01-22T05:20:08.339Z] [worker-pool] submitWork(triggerId=) {"metadata":{"emulator":{"name":"functions"},"message":"[worker-pool] submitWork(triggerId=)"}}
[debug] [2022-01-22T05:20:08.341Z] [worker-~diagnostic~-b088a9d9-b390-4fcc-8ae1-542412c43a2b]: Assigning socketPath: /tmp/fire_emu_6396.sock {"metadata":{"emulator":{"name":"functions"},"message":"[worker-~diagnostic~-b088a9d9-b390-4fcc-8ae1-542412c43a2b]: Assigning socketPath: /tmp/fire_emu_6396.sock"}}
[debug] [2022-01-22T05:20:08.342Z] [worker-~diagnostic~-b088a9d9-b390-4fcc-8ae1-542412c43a2b]: BUSY {"metadata":{"emulator":{"name":"functions"},"message":"[worker-~diagnostic~-b088a9d9-b390-4fcc-8ae1-542412c43a2b]: BUSY"}}
[debug] [2022-01-22T05:20:08.701Z] [runtime-status] [6396] Functions runtime initialized. {"cwd":"/home/vs code/amazon-fullstackclone/amazon-clone1/functions","node_version":"14.18.3"} {"metadata":{"emulator":{"name":"functions"},"message":"[runtime-status] [6396] Functions runtime initialized. {\"cwd\":\"/home/vs code/amazon-fullstackclone/amazon-clone1/functions\",\"node_version\":\"14.18.3\"}"}}
[debug] [2022-01-22T05:20:08.710Z] [runtime-status] [6396] Disabled runtime features: undefined {"metadata":{"emulator":{"name":"functions"},"message":"[runtime-status] [6396] Disabled runtime features: undefined"}}
[debug] [2022-01-22T05:20:08.738Z] [runtime-status] [6396] Resolved module firebase-admin {"declared":true,"installed":true,"version":"9.12.0","resolution":"/home/vs code/amazon-fullstackclone/amazon-clone1/functions/node_modules/firebase-admin/lib/index.js"} {"metadata":{"emulator":{"name":"functions"},"message":"[runtime-status] [6396] Resolved module firebase-admin {\"declared\":true,\"installed\":true,\"version\":\"9.12.0\",\"resolution\":\"/home/vs code/amazon-fullstackclone/amazon-clone1/functions/node_modules/firebase-admin/lib/index.js\"}"}}
[debug] [2022-01-22T05:20:08.749Z] [runtime-status] [6396] Resolved module firebase-functions {"declared":true,"installed":true,"version":"3.16.0","resolution":"/home/vs code/amazon-fullstackclone/amazon-clone1/functions/node_modules/firebase-functions/lib/index.js"} {"metadata":{"emulator":{"name":"functions"},"message":"[runtime-status] [6396] Resolved module firebase-functions {\"declared\":true,\"installed\":true,\"version\":\"3.16.0\",\"resolution\":\"/home/vs code/amazon-fullstackclone/amazon-clone1/functions/node_modules/firebase-functions/lib/index.js\"}"}}
[debug] [2022-01-22T05:20:08.752Z] [runtime-status] [6396] Outgoing network have been stubbed. [{"name":"http","status":"mocked"},{"name":"http","status":"mocked"},{"name":"https","status":"mocked"},{"name":"https","status":"mocked"},{"name":"net","status":"mocked"}] {"metadata":{"emulator":{"name":"functions"},"message":"[runtime-status] [6396] Outgoing network have been stubbed. [{\"name\":\"http\",\"status\":\"mocked\"},{\"name\":\"http\",\"status\":\"mocked\"},{\"name\":\"https\",\"status\":\"mocked\"},{\"name\":\"https\",\"status\":\"mocked\"},{\"name\":\"net\",\"status\":\"mocked\"}]"}}
[debug] [2022-01-22T05:20:08.755Z] [runtime-status] [6396] Resolved module firebase-functions {"declared":true,"installed":true,"version":"3.16.0","resolution":"/home/vs code/amazon-fullstackclone/amazon-clone1/functions/node_modules/firebase-functions/lib/index.js"} {"metadata":{"emulator":{"name":"functions"},"message":"[runtime-status] [6396] Resolved module firebase-functions {\"declared\":true,\"installed\":true,\"version\":\"3.16.0\",\"resolution\":\"/home/vs code/amazon-fullstackclone/amazon-clone1/functions/node_modules/firebase-functions/lib/index.js\"}"}}
[debug] [2022-01-22T05:20:08.872Z] [runtime-status] [6396] Checked functions.config() {"config":{}} {"metadata":{"emulator":{"name":"functions"},"message":"[runtime-status] [6396] Checked functions.config() {\"config\":{}}"}}
[debug] [2022-01-22T05:20:08.873Z] [runtime-status] [6396] firebase-functions has been stubbed. {"functionsResolution":{"declared":true,"installed":true,"version":"3.16.0","resolution":"/home/vs code/amazon-fullstackclone/amazon-clone1/functions/node_modules/firebase-functions/lib/index.js"}} {"metadata":{"emulator":{"name":"functions"},"message":"[runtime-status] [6396] firebase-functions has been stubbed. {\"functionsResolution\":{\"declared\":true,\"installed\":true,\"version\":\"3.16.0\",\"resolution\":\"/home/vs code/amazon-fullstackclone/amazon-clone1/functions/node_modules/firebase-functions/lib/index.js\"}}"}}
[debug] [2022-01-22T05:20:08.875Z] [runtime-status] [6396] Resolved module firebase-functions {"declared":true,"installed":true,"version":"3.16.0","resolution":"/home/vs code/amazon-fullstackclone/amazon-clone1/functions/node_modules/firebase-functions/lib/index.js"} {"metadata":{"emulator":{"name":"functions"},"message":"[runtime-status] [6396] Resolved module firebase-functions {\"declared\":true,\"installed\":true,\"version\":\"3.16.0\",\"resolution\":\"/home/vs code/amazon-fullstackclone/amazon-clone1/functions/node_modules/firebase-functions/lib/index.js\"}"}}
[debug] [2022-01-22T05:20:08.877Z] [runtime-status] [6396] Resolved module firebase-admin {"declared":true,"installed":true,"version":"9.12.0","resolution":"/home/vs code/amazon-fullstackclone/amazon-clone1/functions/node_modules/firebase-admin/lib/index.js"} {"metadata":{"emulator":{"name":"functions"},"message":"[runtime-status] [6396] Resolved module firebase-admin {\"declared\":true,\"installed\":true,\"version\":\"9.12.0\",\"resolution\":\"/home/vs code/amazon-fullstackclone/amazon-clone1/functions/node_modules/firebase-admin/lib/index.js\"}"}}
[debug] [2022-01-22T05:20:08.878Z] [runtime-status] [6396] Resolved module firebase-functions {"declared":true,"installed":true,"version":"3.16.0","resolution":"/home/vs code/amazon-fullstackclone/amazon-clone1/functions/node_modules/firebase-functions/lib/index.js"} {"metadata":{"emulator":{"name":"functions"},"message":"[runtime-status] [6396] Resolved module firebase-functions {\"declared\":true,\"installed\":true,\"version\":\"3.16.0\",\"resolution\":\"/home/vs code/amazon-fullstackclone/amazon-clone1/functions/node_modules/firebase-functions/lib/index.js\"}"}}
[debug] [2022-01-22T05:20:08.879Z] [runtime-status] [6396] firebase-admin has been stubbed. {"adminResolution":{"declared":true,"installed":true,"version":"9.12.0","resolution":"/home/vs code/amazon-fullstackclone/amazon-clone1/functions/node_modules/firebase-admin/lib/index.js"}} {"metadata":{"emulator":{"name":"functions"},"message":"[runtime-status] [6396] firebase-admin has been stubbed. {\"adminResolution\":{\"declared\":true,\"installed\":true,\"version\":\"9.12.0\",\"resolution\":\"/home/vs code/amazon-fullstackclone/amazon-clone1/functions/node_modules/firebase-admin/lib/index.js\"}}"}}
[info] ✔  functions[us-central1-api]: http function initialized (http://localhost:5001/challenge-cd494/us-central1/api). {"metadata":{"emulator":{"name":"functions"},"message":"\u001b[1mhttp\u001b[22m function initialized (http://localhost:5001/challenge-cd494/us-central1/api)."}}
[info] 
┌─────────────────────────────────────────────────────────────┐
│ ✔  All emulators ready! It is now safe to connect your app. │
│ i  View Emulator UI at http://localhost:4000                │
└─────────────────────────────────────────────────────────────┘

┌───────────┬────────────────┬─────────────────────────────────┐
│ Emulator  │ Host:Port      │ View in Emulator UI             │
├───────────┼────────────────┼─────────────────────────────────┤
│ Functions │ localhost:5001 │ http://localhost:4000/functions │
├───────────┼────────────────┼─────────────────────────────────┤
│ Hosting   │ localhost:5000 │ n/a                             │
└───────────┴────────────────┴─────────────────────────────────┘
  Emulator Hub running at localhost:4400
  Other reserved ports: 4500

Issues? Report them at https://github.com/firebase/firebase-tools/issues and attach the *-debug.log files.
 
[debug] [2022-01-22T05:20:09.205Z] [worker-~diagnostic~-b088a9d9-b390-4fcc-8ae1-542412c43a2b]: IDLE {"metadata":{"emulator":{"name":"functions"},"message":"[worker-~diagnostic~-b088a9d9-b390-4fcc-8ae1-542412c43a2b]: IDLE"}}
[debug] [2022-01-22T05:20:40.413Z] [work-queue] {"queueLength":1,"workRunningCount":0}
[debug] [2022-01-22T05:20:40.414Z] [work-queue] {"queueLength":0,"workRunningCount":1}
[debug] [2022-01-22T05:20:40.415Z] Accepted request POST /challenge-cd494/us-central1/api/payments/create?total=25868 --> us-central1-api
[debug] [2022-01-22T05:20:40.433Z] [worker-pool] addWorker(us-central1-api) {"metadata":{"emulator":{"name":"functions"},"message":"[worker-pool] addWorker(us-central1-api)"}}
[debug] [2022-01-22T05:20:40.434Z] [worker-pool] Adding worker with key us-central1-api, total=1 {"metadata":{"emulator":{"name":"functions"},"message":"[worker-pool] Adding worker with key us-central1-api, total=1"}}
[debug] [2022-01-22T05:20:40.435Z] [worker-pool] submitWork(triggerId=us-central1-api) {"metadata":{"emulator":{"name":"functions"},"message":"[worker-pool] submitWork(triggerId=us-central1-api)"}}
[debug] [2022-01-22T05:20:40.435Z] [worker-us-central1-api-4bd1a547-76dd-4347-8887-f4ce9b7bdc4a]: Assigning socketPath: /tmp/fire_emu_6464.sock {"metadata":{"emulator":{"name":"functions"},"message":"[worker-us-central1-api-4bd1a547-76dd-4347-8887-f4ce9b7bdc4a]: Assigning socketPath: /tmp/fire_emu_6464.sock"}}
[debug] [2022-01-22T05:20:40.436Z] [worker-us-central1-api-4bd1a547-76dd-4347-8887-f4ce9b7bdc4a]: BUSY {"metadata":{"emulator":{"name":"functions"},"message":"[worker-us-central1-api-4bd1a547-76dd-4347-8887-f4ce9b7bdc4a]: BUSY"}}
[debug] [2022-01-22T05:20:40.807Z] [runtime-status] [6464] Functions runtime initialized. {"cwd":"/home/vs code/amazon-fullstackclone/amazon-clone1/functions","node_version":"14.18.3"} {"metadata":{"emulator":{"name":"functions"},"function":{"name":"us-central1-api"},"message":"[runtime-status] [6464] Functions runtime initialized. {\"cwd\":\"/home/vs code/amazon-fullstackclone/amazon-clone1/functions\",\"node_version\":\"14.18.3\"}"}}
[debug] [2022-01-22T05:20:40.815Z] [runtime-status] [6464] Disabled runtime features: undefined {"metadata":{"emulator":{"name":"functions"},"function":{"name":"us-central1-api"},"message":"[runtime-status] [6464] Disabled runtime features: undefined"}}
[debug] [2022-01-22T05:20:40.820Z] [runtime-status] [6464] Resolved module firebase-admin {"declared":true,"installed":true,"version":"9.12.0","resolution":"/home/vs code/amazon-fullstackclone/amazon-clone1/functions/node_modules/firebase-admin/lib/index.js"} {"metadata":{"emulator":{"name":"functions"},"function":{"name":"us-central1-api"},"message":"[runtime-status] [6464] Resolved module firebase-admin {\"declared\":true,\"installed\":true,\"version\":\"9.12.0\",\"resolution\":\"/home/vs code/amazon-fullstackclone/amazon-clone1/functions/node_modules/firebase-admin/lib/index.js\"}"}}
[debug] [2022-01-22T05:20:40.827Z] [runtime-status] [6464] Resolved module firebase-functions {"declared":true,"installed":true,"version":"3.16.0","resolution":"/home/vs code/amazon-fullstackclone/amazon-clone1/functions/node_modules/firebase-functions/lib/index.js"} {"metadata":{"emulator":{"name":"functions"},"function":{"name":"us-central1-api"},"message":"[runtime-status] [6464] Resolved module firebase-functions {\"declared\":true,\"installed\":true,\"version\":\"3.16.0\",\"resolution\":\"/home/vs code/amazon-fullstackclone/amazon-clone1/functions/node_modules/firebase-functions/lib/index.js\"}"}}
[debug] [2022-01-22T05:20:40.832Z] [runtime-status] [6464] Outgoing network have been stubbed. [{"name":"http","status":"mocked"},{"name":"http","status":"mocked"},{"name":"https","status":"mocked"},{"name":"https","status":"mocked"},{"name":"net","status":"mocked"}] {"metadata":{"emulator":{"name":"functions"},"function":{"name":"us-central1-api"},"message":"[runtime-status] [6464] Outgoing network have been stubbed. [{\"name\":\"http\",\"status\":\"mocked\"},{\"name\":\"http\",\"status\":\"mocked\"},{\"name\":\"https\",\"status\":\"mocked\"},{\"name\":\"https\",\"status\":\"mocked\"},{\"name\":\"net\",\"status\":\"mocked\"}]"}}
[debug] [2022-01-22T05:20:40.840Z] [runtime-status] [6464] Resolved module firebase-functions {"declared":true,"installed":true,"version":"3.16.0","resolution":"/home/vs code/amazon-fullstackclone/amazon-clone1/functions/node_modules/firebase-functions/lib/index.js"} {"metadata":{"emulator":{"name":"functions"},"function":{"name":"us-central1-api"},"message":"[runtime-status] [6464] Resolved module firebase-functions {\"declared\":true,\"installed\":true,\"version\":\"3.16.0\",\"resolution\":\"/home/vs code/amazon-fullstackclone/amazon-clone1/functions/node_modules/firebase-functions/lib/index.js\"}"}}
[debug] [2022-01-22T05:20:40.939Z] [runtime-status] [6464] Checked functions.config() {"config":{}} {"metadata":{"emulator":{"name":"functions"},"function":{"name":"us-central1-api"},"message":"[runtime-status] [6464] Checked functions.config() {\"config\":{}}"}}
[debug] [2022-01-22T05:20:40.941Z] [runtime-status] [6464] firebase-functions has been stubbed. {"functionsResolution":{"declared":true,"installed":true,"version":"3.16.0","resolution":"/home/vs code/amazon-fullstackclone/amazon-clone1/functions/node_modules/firebase-functions/lib/index.js"}} {"metadata":{"emulator":{"name":"functions"},"function":{"name":"us-central1-api"},"message":"[runtime-status] [6464] firebase-functions has been stubbed. {\"functionsResolution\":{\"declared\":true,\"installed\":true,\"version\":\"3.16.0\",\"resolution\":\"/home/vs code/amazon-fullstackclone/amazon-clone1/functions/node_modules/firebase-functions/lib/index.js\"}}"}}
[debug] [2022-01-22T05:20:40.941Z] [runtime-status] [6464] Resolved module firebase-functions {"declared":true,"installed":true,"version":"3.16.0","resolution":"/home/vs code/amazon-fullstackclone/amazon-clone1/functions/node_modules/firebase-functions/lib/index.js"} {"metadata":{"emulator":{"name":"functions"},"function":{"name":"us-central1-api"},"message":"[runtime-status] [6464] Resolved module firebase-functions {\"declared\":true,\"installed\":true,\"version\":\"3.16.0\",\"resolution\":\"/home/vs code/amazon-fullstackclone/amazon-clone1/functions/node_modules/firebase-functions/lib/index.js\"}"}}
[debug] [2022-01-22T05:20:40.944Z] [runtime-status] [6464] Resolved module firebase-admin {"declared":true,"installed":true,"version":"9.12.0","resolution":"/home/vs code/amazon-fullstackclone/amazon-clone1/functions/node_modules/firebase-admin/lib/index.js"} {"metadata":{"emulator":{"name":"functions"},"function":{"name":"us-central1-api"},"message":"[runtime-status] [6464] Resolved module firebase-admin {\"declared\":true,\"installed\":true,\"version\":\"9.12.0\",\"resolution\":\"/home/vs code/amazon-fullstackclone/amazon-clone1/functions/node_modules/firebase-admin/lib/index.js\"}"}}
[debug] [2022-01-22T05:20:40.947Z] [runtime-status] [6464] Resolved module firebase-functions {"declared":true,"installed":true,"version":"3.16.0","resolution":"/home/vs code/amazon-fullstackclone/amazon-clone1/functions/node_modules/firebase-functions/lib/index.js"} {"metadata":{"emulator":{"name":"functions"},"function":{"name":"us-central1-api"},"message":"[runtime-status] [6464] Resolved module firebase-functions {\"declared\":true,\"installed\":true,\"version\":\"3.16.0\",\"resolution\":\"/home/vs code/amazon-fullstackclone/amazon-clone1/functions/node_modules/firebase-functions/lib/index.js\"}"}}
[debug] [2022-01-22T05:20:40.947Z] [runtime-status] [6464] firebase-admin has been stubbed. {"adminResolution":{"declared":true,"installed":true,"version":"9.12.0","resolution":"/home/vs code/amazon-fullstackclone/amazon-clone1/functions/node_modules/firebase-admin/lib/index.js"}} {"metadata":{"emulator":{"name":"functions"},"function":{"name":"us-central1-api"},"message":"[runtime-status] [6464] firebase-admin has been stubbed. {\"adminResolution\":{\"declared\":true,\"installed\":true,\"version\":\"9.12.0\",\"resolution\":\"/home/vs code/amazon-fullstackclone/amazon-clone1/functions/node_modules/firebase-admin/lib/index.js\"}}"}}
[debug] [2022-01-22T05:20:41.209Z] [runtime-status] [6464] Trigger "us-central1-api" has been found, beginning invocation! {"metadata":{"emulator":{"name":"functions"},"function":{"name":"us-central1-api"},"message":"[runtime-status] [6464] Trigger \"us-central1-api\" has been found, beginning invocation!"}}
[info] i  functions: Beginning execution of "us-central1-api" {"metadata":{"emulator":{"name":"functions"},"function":{"name":"us-central1-api"},"message":"Beginning execution of \"us-central1-api\""}}
[debug] [2022-01-22T05:20:41.212Z] [runtime-status] [6464] triggerDefinition {"httpsTrigger":{},"name":"api","entryPoint":"api","regions":["us-central1"],"region":"us-central1","id":"us-central1-api","platform":"gcfv1"} {"metadata":{"emulator":{"name":"functions"},"function":{"name":"us-central1-api"},"message":"[runtime-status] [6464] triggerDefinition {\"httpsTrigger\":{},\"name\":\"api\",\"entryPoint\":\"api\",\"regions\":[\"us-central1\"],\"region\":\"us-central1\",\"id\":\"us-central1-api\",\"platform\":\"gcfv1\"}"}}
[debug] [2022-01-22T05:20:41.212Z] [runtime-status] [6464] Running us-central1-api in signature http {"metadata":{"emulator":{"name":"functions"},"function":{"name":"us-central1-api"},"message":"[runtime-status] [6464] Running us-central1-api in signature http"}}
[debug] [2022-01-22T05:20:41.224Z] [runtime-status] [6464] Attempting to listen to socketPath: /tmp/fire_emu_6464.sock {"metadata":{"emulator":{"name":"functions"},"function":{"name":"us-central1-api"},"message":"[runtime-status] [6464] Attempting to listen to socketPath: /tmp/fire_emu_6464.sock"}}
[debug] [2022-01-22T05:20:41.255Z] [functions] Runtime ready! Sending request! {"metadata":{"emulator":{"name":"functions"},"message":"[functions] Runtime ready! Sending request!"}}
[debug] [2022-01-22T05:20:41.262Z] [functions] Got req.url=/challenge-cd494/us-central1/api/payments/create?total=25868, mapping to path=/payments/create?total=25868 {"metadata":{"emulator":{"name":"functions"},"message":"[functions] Got req.url=/challenge-cd494/us-central1/api/payments/create?total=25868, mapping to path=/payments/create?total=25868"}}
[debug] [2022-01-22T05:20:41.288Z] [runtime-status] [6464] Ephemeral server handling POST request {"metadata":{"emulator":{"name":"functions"},"function":{"name":"us-central1-api"},"message":"[runtime-status] [6464] Ephemeral server handling POST request"}}
[info] >  payment Request Received for this amount >>>  25868 {"user":"payment Request Received for this amount >>>  25868","metadata":{"emulator":{"name":"functions"},"function":{"name":"us-central1-api"},"message":"\u001b[90m> \u001b[39m payment Request Received for this amount >>>  25868"}}
[debug] [2022-01-22T05:20:41.336Z] [runtime-status] [6464] Ephemeral server survived. {"metadata":{"emulator":{"name":"functions"},"function":{"name":"us-central1-api"},"message":"[runtime-status] [6464] Ephemeral server survived."}}
[info] i  functions: Finished "us-central1-api" in ~1s {"metadata":{"emulator":{"name":"functions"},"function":{"name":"us-central1-api"},"message":"Finished \"us-central1-api\" in ~1s"}}
[debug] [2022-01-22T05:20:42.162Z] [worker-us-central1-api-4bd1a547-76dd-4347-8887-f4ce9b7bdc4a]: IDLE {"metadata":{"emulator":{"name":"functions"},"message":"[worker-us-central1-api-4bd1a547-76dd-4347-8887-f4ce9b7bdc4a]: IDLE"}}
[debug] [2022-01-22T05:20:42.163Z] [work-queue] {"queueLength":0,"workRunningCount":0}
